Using pre-set license
Built from '2022.3/respin/2022.3.62f2-4af31df585-v2' branch; Version is '2022.3.62f3 (96770f904ca7) revision 9860879'; Using compiler version '192829333'; Build Type 'Release'
OS: 'Windows 11  (10.0.26200) 64bit CoreSingleLanguage' Language: 'ru' Physical Memory: 7959 MB
BatchMode: 1, IsHumanControllingUs: 0, StartBugReporterOnCrash: 0, Is64bit: 1, IsPro: 1

COMMAND LINE ARGUMENTS:
C:\Program Files\Unity\Hub\Editor\2022.3.62f3\Editor\Unity.exe
-adb2
-batchMode
-noUpm
-name
AssetImportWorker0
-projectPath
C:/2d_design/cosmic/slime-hero-clicker-unity
-logFile
Logs/AssetImportWorker0.log
-srvPort
58342
Successfully changed project path to: C:/2d_design/cosmic/slime-hero-clicker-unity
C:/2d_design/cosmic/slime-hero-clicker-unity
[UnityMemory] Configuration Parameters - Can be set up in boot.config
    "memorysetup-bucket-allocator-granularity=16"
    "memorysetup-bucket-allocator-bucket-count=8"
    "memorysetup-bucket-allocator-block-size=33554432"
    "memorysetup-bucket-allocator-block-count=8"
    "memorysetup-main-allocator-block-size=16777216"
    "memorysetup-thread-allocator-block-size=16777216"
    "memorysetup-gfx-main-allocator-block-size=16777216"
    "memorysetup-gfx-thread-allocator-block-size=16777216"
    "memorysetup-cache-allocator-block-size=4194304"
    "memorysetup-typetree-allocator-block-size=2097152"
    "memorysetup-profiler-bucket-allocator-granularity=16"
    "memorysetup-profiler-bucket-allocator-bucket-count=8"
    "memorysetup-profiler-bucket-allocator-block-size=33554432"
    "memorysetup-profiler-bucket-allocator-block-count=8"
    "memorysetup-profiler-allocator-block-size=16777216"
    "memorysetup-profiler-editor-allocator-block-size=1048576"
    "memorysetup-temp-allocator-size-main=16777216"
    "memorysetup-job-temp-allocator-block-size=2097152"
    "memorysetup-job-temp-allocator-block-size-background=1048576"
    "memorysetup-job-temp-allocator-reduction-small-platforms=262144"
    "memorysetup-allocator-temp-initial-block-size-main=262144"
    "memorysetup-allocator-temp-initial-block-size-worker=262144"
    "memorysetup-temp-allocator-size-background-worker=32768"
    "memorysetup-temp-allocator-size-job-worker=262144"
    "memorysetup-temp-allocator-size-preload-manager=33554432"
    "memorysetup-temp-allocator-size-nav-mesh-worker=65536"
    "memorysetup-temp-allocator-size-audio-worker=65536"
    "memorysetup-temp-allocator-size-cloud-worker=32768"
    "memorysetup-temp-allocator-size-gi-baking-worker=262144"
    "memorysetup-temp-allocator-size-gfx=262144"
Player connection [25760]  Target information:

Player connection [25760]  * "[IP] 192.168.4.120 [Port] 0 [Flags] 2 [Guid] 1653759479 [EditorId] 1653759479 [Version] 1048832 [Id] WindowsEditor(7,admin) [Debug] 1 [PackageName] WindowsEditor [ProjectName] Editor" 

Player connection [25760] Host joined multi-casting on [225.0.0.222:54997]...
Player connection [25760] Host joined alternative multi-casting on [225.0.0.222:34997]...
Input System module state changed to: Initialized.
[PhysX] Initialized MultithreadedTaskDispatcher with 8 workers.
Refreshing native plugins compatible for Editor in 16.89 ms, found 1 plugins.
Preloading 0 native plugins for Editor in 0.00 ms.
Initialize engine version: 2022.3.62f3 (96770f904ca7)
[Subsystems] Discovering subsystems at path C:/Program Files/Unity/Hub/Editor/2022.3.62f3/Editor/Data/Resources/UnitySubsystems
[Subsystems] Discovering subsystems at path C:/2d_design/cosmic/slime-hero-clicker-unity/Assets
GfxDevice: creating device client; threaded=0; jobified=0
Direct3D:
    Version:  Direct3D 11.0 [level 11.1]
    Renderer: Intel(R) Iris(R) Xe Graphics (ID=0x9a49)
    Vendor:   Intel
    VRAM:     3979 MB
    Driver:   30.0.101.1340
Initialize mono
Mono path[0] = 'C:/Program Files/Unity/Hub/Editor/2022.3.62f3/Editor/Data/Managed'
Mono path[1] = 'C:/Program Files/Unity/Hub/Editor/2022.3.62f3/Editor/Data/MonoBleedingEdge/lib/mono/unityjit-win32'
Mono config path = 'C:/Program Files/Unity/Hub/Editor/2022.3.62f3/Editor/Data/MonoBleedingEdge/etc'
Using monoOptions --debugger-agent=transport=dt_socket,embedding=1,server=y,suspend=n,address=127.0.0.1:56872
Begin MonoManager ReloadAssembly
Registering precompiled unity dll's ...
Register platform support module: C:/Program Files/Unity/Hub/Editor/2022.3.62f3/Editor/Data/PlaybackEngines/WebGLSupport/UnityEditor.WebGL.Extensions.dll
Register platform support module: C:/Program Files/Unity/Hub/Editor/2022.3.62f3/Editor/Data/PlaybackEngines/MacStandaloneSupport/UnityEditor.OSXStandalone.Extensions.dll
Register platform support module: C:/Program Files/Unity/Hub/Editor/2022.3.62f3/Editor/Data/PlaybackEngines/AndroidPlayer/UnityEditor.Android.Extensions.dll
Register platform support module: C:/Program Files/Unity/Hub/Editor/2022.3.62f3/Editor/Data/PlaybackEngines/iOSSupport/UnityEditor.iOS.Extensions.dll
Register platform support module: C:/Program Files/Unity/Hub/Editor/2022.3.62f3/Editor/Data/PlaybackEngines/VisionOSPlayer/UnityEditor.VisionOS.Extensions.dll
Register platform support module: C:/Program Files/Unity/Hub/Editor/2022.3.62f3/Editor/Data/PlaybackEngines/AppleTVSupport/UnityEditor.AppleTV.Extensions.dll
Register platform support module: C:/Program Files/Unity/Hub/Editor/2022.3.62f3/Editor/Data/PlaybackEngines/WindowsStandaloneSupport/UnityEditor.WindowsStandalone.Extensions.dll
Register platform support module: C:/Program Files/Unity/Hub/Editor/2022.3.62f3/Editor/Data/PlaybackEngines/LinuxStandaloneSupport/UnityEditor.LinuxStandalone.Extensions.dll
Register platform support module: C:/Program Files/Unity/Hub/Editor/2022.3.62f3/Editor/Data/PlaybackEngines/MetroSupport/UnityEditor.UWP.Extensions.dll
Registered in 0.044947 seconds.
- Loaded All Assemblies, in  0.802 seconds
Native extension for UWP target not found
Native extension for LinuxStandalone target not found
Native extension for WindowsStandalone target not found
[usbmuxd] Start listen thread
[usbmuxd] Listen thread started
[usbmuxd] Send listen message
Native extension for AppleTV target not found
Failed to load: C:/Program Files/Unity/Hub/Editor/2022.3.62f3/Editor/Data/PlaybackEngines/VisionOSPlayer\x64\UnityEditor.VisionOS.Native.dll
Native extension for VisionOS target not found
[usbmuxd] Start listen thread
[usbmuxd] Listen thread started
[usbmuxd] Send listen message
Native extension for iOS target not found
Native extension for Android target not found
Android Extension - Scanning For ADB Devices 1218 ms
Native extension for OSXStandalone target not found
Native extension for WebGL target not found
Mono: successfully reloaded assembly
- Finished resetting the current domain, in  1.788 seconds
Domain Reload Profiling: 2587ms
	BeginReloadAssembly (282ms)
		ExecutionOrderSort (0ms)
		DisableScriptedObjects (0ms)
		BackupInstance (0ms)
		ReleaseScriptingObjects (0ms)
		CreateAndSetChildDomain (1ms)
	RebuildCommonClasses (65ms)
	RebuildNativeTypeToScriptingClass (14ms)
	initialDomainReloadingComplete (125ms)
	LoadAllAssembliesAndSetupDomain (313ms)
		LoadAssemblies (286ms)
		RebuildTransferFunctionScriptingTraits (0ms)
		AnalyzeDomain (299ms)
			TypeCache.Refresh (296ms)
				TypeCache.ScanAssembly (266ms)
			ScanForSourceGeneratedMonoScriptInfo (1ms)
			ResolveRequiredComponents (1ms)
	FinalizeReload (1788ms)
		ReleaseScriptCaches (0ms)
		RebuildScriptCaches (0ms)
		SetupLoadedEditorAssemblies (1708ms)
			LogAssemblyErrors (0ms)
			InitializePlatformSupportModulesInManaged (1449ms)
			SetLoadedEditorAssemblies (8ms)
			RefreshPlugins (0ms)
			BeforeProcessingInitializeOnLoad (5ms)
			ProcessInitializeOnLoadAttributes (173ms)
			ProcessInitializeOnLoadMethodAttributes (73ms)
			AfterProcessingInitializeOnLoad (0ms)
			EditorAssembliesLoaded (0ms)
		ExecutionOrderSort2 (0ms)
		AwakeInstancesAfterBackupRestoration (0ms)
========================================================================
Worker process is ready to serve import requests
Caller must complete domain reload
Begin MonoManager ReloadAssembly
- Loaded All Assemblies, in  0.781 seconds
Native extension for UWP target not found
Native extension for LinuxStandalone target not found
Native extension for WindowsStandalone target not found
Native extension for AppleTV target not found
Failed to load: C:/Program Files/Unity/Hub/Editor/2022.3.62f3/Editor/Data/PlaybackEngines/VisionOSPlayer\x64\UnityEditor.VisionOS.Native.dll
Native extension for VisionOS target not found
Native extension for iOS target not found
Native extension for Android target not found
Native extension for OSXStandalone target not found
Native extension for WebGL target not found
Mono: successfully reloaded assembly
- Finished resetting the current domain, in  0.670 seconds
Domain Reload Profiling: 1440ms
	BeginReloadAssembly (220ms)
		ExecutionOrderSort (0ms)
		DisableScriptedObjects (10ms)
		BackupInstance (0ms)
		ReleaseScriptingObjects (0ms)
		CreateAndSetChildDomain (30ms)
	RebuildCommonClasses (60ms)
	RebuildNativeTypeToScriptingClass (17ms)
	initialDomainReloadingComplete (57ms)
	LoadAllAssembliesAndSetupDomain (414ms)
		LoadAssemblies (429ms)
		RebuildTransferFunctionScriptingTraits (0ms)
		AnalyzeDomain (113ms)
			TypeCache.Refresh (94ms)
				TypeCache.ScanAssembly (77ms)
			ScanForSourceGeneratedMonoScriptInfo (14ms)
			ResolveRequiredComponents (5ms)
	FinalizeReload (671ms)
		ReleaseScriptCaches (0ms)
		RebuildScriptCaches (0ms)
		SetupLoadedEditorAssemblies (483ms)
			LogAssemblyErrors (0ms)
			InitializePlatformSupportModulesInManaged (86ms)
			SetLoadedEditorAssemblies (6ms)
			RefreshPlugins (0ms)
			BeforeProcessingInitializeOnLoad (71ms)
			ProcessInitializeOnLoadAttributes (271ms)
			ProcessInitializeOnLoadMethodAttributes (40ms)
			AfterProcessingInitializeOnLoad (9ms)
			EditorAssembliesLoaded (0ms)
		ExecutionOrderSort2 (0ms)
		AwakeInstancesAfterBackupRestoration (14ms)
Launched and connected shader compiler UnityShaderCompiler.exe after 0.10 seconds
Refreshing native plugins compatible for Editor in 2.20 ms, found 1 plugins.
Preloading 0 native plugins for Editor in 0.00 ms.
Unloading 1377 Unused Serialized files (Serialized files now loaded: 0)
Unloading 18 unused Assets / (52.4 KB). Loaded Objects now: 1855.
Memory consumption went from 81.3 MB to 81.2 MB.
Total: 5.510400 ms (FindLiveObjects: 0.699700 ms CreateObjectMapping: 0.138600 ms MarkObjects: 4.536400 ms  DeleteObjects: 0.133800 ms)

AssetImportParameters requested are different than current active one (requested -> active):
  custom:video-encoder-webm-vp8: eb34c28f22e8b96e1ab97ce403110664 -> 
  custom:video-decoder-webm-vp8: 9c59270c3fd7afecdb556c50c9e8de78 -> 
  custom:audio-decoder-ogg-vorbis: bf7c407c2cedff20999df2af8eb42d56 -> 
  custom:SearchIndexIgnoredProperties: e643bd26f0fe6173181afceb89e7c659 -> 
  custom:container-demuxer-ogg: 62fdf1f143b41e24485cea50d1cbac27 -> 
  custom:AudioImporter_EditorPlatform: d09bf68614088b80899f8185d706f6e7 -> 
  custom:CustomObjectIndexerAttribute: 9a22284fe3817be447336de3de66b15e -> 
  custom:container-demuxer-webm: 4f35f7cbe854078d1ac9338744f61a02 -> 
  custom:video-decoder-ogg-theora: a1e56fd34408186e4bbccfd4996cb3dc -> 
  custom:audio-encoder-webm-vorbis: bf7c407c2cedff20999df2af8eb42d56 -> 
  custom:framework-win-MediaFoundation: 216162199b28c13a410421893ffa2e32 -> 
  custom:container-muxer-webm: aa71ff27fc2769a1b78a27578f13a17b -> 
========================================================================
Received Import Request.
  Time since last request: 24458.790655 seconds.
  path: Assets/Sprites/ArmoredSlime/idle_armored/ArmoredSlime_01.png
  artifactKey: Guid(4459c8cc5453e644c982567210a35202) Importer(815301076,1909f56bfc062723c751e8b465ee728b)
Start importing Assets/Sprites/ArmoredSlime/idle_armored/ArmoredSlime_01.png using Guid(4459c8cc5453e644c982567210a35202) Importer(815301076,1909f56bfc062723c751e8b465ee728b) [PhysX] Initialized MultithreadedTaskDispatcher with 8 workers.
[PhysX] Initialized MultithreadedTaskDispatcher with 8 workers.
 -> (artifact id: '329c1eade1e7b691dfb35d051a7f20cc') in 0.088948 seconds
Number of updated asset objects reloaded before import = 0
Number of asset objects unloaded after import = 2
========================================================================
Received Import Request.
  Time since last request: 0.441420 seconds.
  path: Assets/Sprites/ArmoredSlime/idle_armored/ArmoredSlime_00.png
  artifactKey: Guid(bfd14b44deaccea4392e18fff352dbe8) Importer(815301076,1909f56bfc062723c751e8b465ee728b)
Start importing Assets/Sprites/ArmoredSlime/idle_armored/ArmoredSlime_00.png using Guid(bfd14b44deaccea4392e18fff352dbe8) Importer(815301076,1909f56bfc062723c751e8b465ee728b) [PhysX] Initialized MultithreadedTaskDispatcher with 8 workers.
[PhysX] Initialized MultithreadedTaskDispatcher with 8 workers.
 -> (artifact id: '62b5a26c25300ea3b31844556c40dba2') in 0.012879 seconds
Number of updated asset objects reloaded before import = 0
Number of asset objects unloaded after import = 2
========================================================================
Received Import Request.
  Time since last request: 1.575075 seconds.
  path: Assets/Sprites/ArmoredSlime/idle_armored/ArmoredSlime_02.png
  artifactKey: Guid(7f1cccf9d7e2a5149aaa98708943ccc8) Importer(815301076,1909f56bfc062723c751e8b465ee728b)
Start importing Assets/Sprites/ArmoredSlime/idle_armored/ArmoredSlime_02.png using Guid(7f1cccf9d7e2a5149aaa98708943ccc8) Importer(815301076,1909f56bfc062723c751e8b465ee728b) [PhysX] Initialized MultithreadedTaskDispatcher with 8 workers.
[PhysX] Initialized MultithreadedTaskDispatcher with 8 workers.
 -> (artifact id: 'ee5a4cbc3fd988afe62cf65356b05969') in 0.013132 seconds
Number of updated asset objects reloaded before import = 0
Number of asset objects unloaded after import = 2
========================================================================
Received Import Request.
  Time since last request: 5.405222 seconds.
  path: Assets/Sprites/ArmoredSlime/idle_armored/ArmoredSlime_02.png
  artifactKey: Guid(7f1cccf9d7e2a5149aaa98708943ccc8) Importer(815301076,1909f56bfc062723c751e8b465ee728b)
Start importing Assets/Sprites/ArmoredSlime/idle_armored/ArmoredSlime_02.png using Guid(7f1cccf9d7e2a5149aaa98708943ccc8) Importer(815301076,1909f56bfc062723c751e8b465ee728b) [PhysX] Initialized MultithreadedTaskDispatcher with 8 workers.
[PhysX] Initialized MultithreadedTaskDispatcher with 8 workers.
 -> (artifact id: '8998ca4c5884929bb9e312c45c3fe142') in 0.093810 seconds
Number of updated asset objects reloaded before import = 0
Number of asset objects unloaded after import = 3
========================================================================
Received Import Request.
  Time since last request: 4.830170 seconds.
  path: Assets/Sprites/BasicSlime/idle_basic
  artifactKey: Guid(5504b582c2a483543a708233b32dd6ef) Importer(815301076,1909f56bfc062723c751e8b465ee728b)
Start importing Assets/Sprites/BasicSlime/idle_basic using Guid(5504b582c2a483543a708233b32dd6ef) Importer(815301076,1909f56bfc062723c751e8b465ee728b) [PhysX] Initialized MultithreadedTaskDispatcher with 8 workers.
 -> (artifact id: '98ac1b53ae72d2e271268b351da87bcc') in 0.001775 seconds
Number of updated asset objects reloaded before import = 0
Number of asset objects unloaded after import = 0
========================================================================
Received Import Request.
  Time since last request: 1.177859 seconds.
  path: Assets/Sprites/BasicSlime/idle_basic/BasicSlime_00.png
  artifactKey: Guid(e4353006cc0699143a818ec4c8251a07) Importer(815301076,1909f56bfc062723c751e8b465ee728b)
Start importing Assets/Sprites/BasicSlime/idle_basic/BasicSlime_00.png using Guid(e4353006cc0699143a818ec4c8251a07) Importer(815301076,1909f56bfc062723c751e8b465ee728b) [PhysX] Initialized MultithreadedTaskDispatcher with 8 workers.
[PhysX] Initialized MultithreadedTaskDispatcher with 8 workers.
 -> (artifact id: 'd677592471889a700eb55c2178c81859') in 0.012700 seconds
Number of updated asset objects reloaded before import = 0
Number of asset objects unloaded after import = 2
========================================================================
Received Import Request.
  Time since last request: 0.928168 seconds.
  path: Assets/Sprites/BasicSlime/idle_basic/BasicSlime_03.png
  artifactKey: Guid(1996ca90071434f438d47d723ed83fa9) Importer(815301076,1909f56bfc062723c751e8b465ee728b)
Start importing Assets/Sprites/BasicSlime/idle_basic/BasicSlime_03.png using Guid(1996ca90071434f438d47d723ed83fa9) Importer(815301076,1909f56bfc062723c751e8b465ee728b) [PhysX] Initialized MultithreadedTaskDispatcher with 8 workers.
[PhysX] Initialized MultithreadedTaskDispatcher with 8 workers.
 -> (artifact id: '1faf50e7bfb7bb43a80adbe42b3fc0d3') in 0.009171 seconds
Number of updated asset objects reloaded before import = 0
Number of asset objects unloaded after import = 2
========================================================================
Received Import Request.
  Time since last request: 3.424798 seconds.
  path: Assets/Sprites/BasicSlime/idle_basic/BasicSlime_03.png
  artifactKey: Guid(1996ca90071434f438d47d723ed83fa9) Importer(815301076,1909f56bfc062723c751e8b465ee728b)
Start importing Assets/Sprites/BasicSlime/idle_basic/BasicSlime_03.png using Guid(1996ca90071434f438d47d723ed83fa9) Importer(815301076,1909f56bfc062723c751e8b465ee728b) [PhysX] Initialized MultithreadedTaskDispatcher with 8 workers.
[PhysX] Initialized MultithreadedTaskDispatcher with 8 workers.
 -> (artifact id: 'da8b1d34202f75eeac94728d6fbe57d7') in 0.044167 seconds
Number of updated asset objects reloaded before import = 0
Number of asset objects unloaded after import = 3
========================================================================
Received Import Request.
  Time since last request: 0.903280 seconds.
  path: Assets/Sprites/BasicSlime/BasicSlime.png
  artifactKey: Guid(e2e30a1fcb5832d48ab6e76b05de9bec) Importer(815301076,1909f56bfc062723c751e8b465ee728b)
Start importing Assets/Sprites/BasicSlime/BasicSlime.png using Guid(e2e30a1fcb5832d48ab6e76b05de9bec) Importer(815301076,1909f56bfc062723c751e8b465ee728b) [PhysX] Initialized MultithreadedTaskDispatcher with 8 workers.
[PhysX] Initialized MultithreadedTaskDispatcher with 8 workers.
 -> (artifact id: '9d891a11c31f0fdeea36f32f905cd073') in 0.011488 seconds
Number of updated asset objects reloaded before import = 0
Number of asset objects unloaded after import = 2
========================================================================
Received Import Request.
  Time since last request: 3.948804 seconds.
  path: Assets/Sprites/BasicSlime/BasicSlime.png
  artifactKey: Guid(e2e30a1fcb5832d48ab6e76b05de9bec) Importer(815301076,1909f56bfc062723c751e8b465ee728b)
Start importing Assets/Sprites/BasicSlime/BasicSlime.png using Guid(e2e30a1fcb5832d48ab6e76b05de9bec) Importer(815301076,1909f56bfc062723c751e8b465ee728b) [PhysX] Initialized MultithreadedTaskDispatcher with 8 workers.
[PhysX] Initialized MultithreadedTaskDispatcher with 8 workers.
 -> (artifact id: 'f88713d7ed06143f6b77082fabb4a23b') in 0.030142 seconds
Number of updated asset objects reloaded before import = 0
Number of asset objects unloaded after import = 3
========================================================================
Received Import Request.
  Time since last request: 3.328014 seconds.
  path: Assets/Sprites/CosmicSlime/CosmicSlime.png
  artifactKey: Guid(5a287e3b9ea5784409f3e3b9243e4765) Importer(815301076,1909f56bfc062723c751e8b465ee728b)
Start importing Assets/Sprites/CosmicSlime/CosmicSlime.png using Guid(5a287e3b9ea5784409f3e3b9243e4765) Importer(815301076,1909f56bfc062723c751e8b465ee728b) [PhysX] Initialized MultithreadedTaskDispatcher with 8 workers.
[PhysX] Initialized MultithreadedTaskDispatcher with 8 workers.
 -> (artifact id: '76129b4a4d3b2ab665cf3de8e8f941e1') in 0.016744 seconds
Number of updated asset objects reloaded before import = 0
Number of asset objects unloaded after import = 2
========================================================================
Received Import Request.
  Time since last request: 3.732231 seconds.
  path: Assets/Sprites/CosmicSlime/CosmicSlime.png
  artifactKey: Guid(5a287e3b9ea5784409f3e3b9243e4765) Importer(815301076,1909f56bfc062723c751e8b465ee728b)
Start importing Assets/Sprites/CosmicSlime/CosmicSlime.png using Guid(5a287e3b9ea5784409f3e3b9243e4765) Importer(815301076,1909f56bfc062723c751e8b465ee728b) [PhysX] Initialized MultithreadedTaskDispatcher with 8 workers.
[PhysX] Initialized MultithreadedTaskDispatcher with 8 workers.
 -> (artifact id: 'f3a0175b8e6285f316c33fe30b8c803a') in 0.020005 seconds
Number of updated asset objects reloaded before import = 0
Number of asset objects unloaded after import = 3
========================================================================
Received Import Request.
  Time since last request: 7.556474 seconds.
  path: Assets/Sprites/CosmicSlime/idle_cosmic/CosmicSlime_00.png
  artifactKey: Guid(e16c6c4eb98e9104fa5c303e8e9052c8) Importer(815301076,1909f56bfc062723c751e8b465ee728b)
Start importing Assets/Sprites/CosmicSlime/idle_cosmic/CosmicSlime_00.png using Guid(e16c6c4eb98e9104fa5c303e8e9052c8) Importer(815301076,1909f56bfc062723c751e8b465ee728b) [PhysX] Initialized MultithreadedTaskDispatcher with 8 workers.
[PhysX] Initialized MultithreadedTaskDispatcher with 8 workers.
 -> (artifact id: '330b030c1136076abc9996e6c351cc53') in 0.017254 seconds
Number of updated asset objects reloaded before import = 0
Number of asset objects unloaded after import = 2
========================================================================
Received Import Request.
  Time since last request: 1.083374 seconds.
  path: Assets/Sprites/CosmicSlime/idle_cosmic/CosmicSlime_03.png
  artifactKey: Guid(bc22e7669c83bcd43875c14a36eaff60) Importer(815301076,1909f56bfc062723c751e8b465ee728b)
Start importing Assets/Sprites/CosmicSlime/idle_cosmic/CosmicSlime_03.png using Guid(bc22e7669c83bcd43875c14a36eaff60) Importer(815301076,1909f56bfc062723c751e8b465ee728b) [PhysX] Initialized MultithreadedTaskDispatcher with 8 workers.
[PhysX] Initialized MultithreadedTaskDispatcher with 8 workers.
 -> (artifact id: 'be66b60da635d205b2df473bb1cd6207') in 0.015478 seconds
Number of updated asset objects reloaded before import = 0
Number of asset objects unloaded after import = 2
========================================================================
Received Import Request.
  Time since last request: 3.627059 seconds.
  path: Assets/Sprites/CosmicSlime/idle_cosmic/CosmicSlime_03.png
  artifactKey: Guid(bc22e7669c83bcd43875c14a36eaff60) Importer(815301076,1909f56bfc062723c751e8b465ee728b)
Start importing Assets/Sprites/CosmicSlime/idle_cosmic/CosmicSlime_03.png using Guid(bc22e7669c83bcd43875c14a36eaff60) Importer(815301076,1909f56bfc062723c751e8b465ee728b) [PhysX] Initialized MultithreadedTaskDispatcher with 8 workers.
[PhysX] Initialized MultithreadedTaskDispatcher with 8 workers.
 -> (artifact id: 'c554d92ac56c2af3ee937b139c8f7ae5') in 0.021737 seconds
Number of updated asset objects reloaded before import = 0
Number of asset objects unloaded after import = 3
========================================================================
Received Import Request.
  Time since last request: 3.448172 seconds.
  path: Assets/Sprites/CrystalSlime/CrystalSlime.png
  artifactKey: Guid(f56606ffa9c935047bca37dee267e03d) Importer(815301076,1909f56bfc062723c751e8b465ee728b)
Start importing Assets/Sprites/CrystalSlime/CrystalSlime.png using Guid(f56606ffa9c935047bca37dee267e03d) Importer(815301076,1909f56bfc062723c751e8b465ee728b) [PhysX] Initialized MultithreadedTaskDispatcher with 8 workers.
[PhysX] Initialized MultithreadedTaskDispatcher with 8 workers.
 -> (artifact id: 'de1af2128e8642f4cfa7f35a181eeb82') in 0.013813 seconds
Number of updated asset objects reloaded before import = 0
Number of asset objects unloaded after import = 2
========================================================================
Received Import Request.
  Time since last request: 3.122095 seconds.
  path: Assets/Sprites/CrystalSlime/CrystalSlime.png
  artifactKey: Guid(f56606ffa9c935047bca37dee267e03d) Importer(815301076,1909f56bfc062723c751e8b465ee728b)
Start importing Assets/Sprites/CrystalSlime/CrystalSlime.png using Guid(f56606ffa9c935047bca37dee267e03d) Importer(815301076,1909f56bfc062723c751e8b465ee728b) [PhysX] Initialized MultithreadedTaskDispatcher with 8 workers.
[PhysX] Initialized MultithreadedTaskDispatcher with 8 workers.
 -> (artifact id: 'f0f287cf88518404e09891d17b90e61b') in 0.020799 seconds
Number of updated asset objects reloaded before import = 0
Number of asset objects unloaded after import = 3
========================================================================
Received Import Request.
  Time since last request: 2.853608 seconds.
  path: Assets/Sprites/CrystalSlime/idle_crystal/CrystalSlime_00.png
  artifactKey: Guid(15c460e15ddc98b4b85676389eec1353) Importer(815301076,1909f56bfc062723c751e8b465ee728b)
Start importing Assets/Sprites/CrystalSlime/idle_crystal/CrystalSlime_00.png using Guid(15c460e15ddc98b4b85676389eec1353) Importer(815301076,1909f56bfc062723c751e8b465ee728b) [PhysX] Initialized MultithreadedTaskDispatcher with 8 workers.
[PhysX] Initialized MultithreadedTaskDispatcher with 8 workers.
 -> (artifact id: '14be1b44dca25c7a5e5ea28fe0337e81') in 0.019010 seconds
Number of updated asset objects reloaded before import = 0
Number of asset objects unloaded after import = 2
========================================================================
Received Import Request.
  Time since last request: 0.880309 seconds.
  path: Assets/Sprites/CrystalSlime/idle_crystal/CrystalSlime_02.png
  artifactKey: Guid(69e7b416519558d429f59c800df026b5) Importer(815301076,1909f56bfc062723c751e8b465ee728b)
Start importing Assets/Sprites/CrystalSlime/idle_crystal/CrystalSlime_02.png using Guid(69e7b416519558d429f59c800df026b5) Importer(815301076,1909f56bfc062723c751e8b465ee728b) [PhysX] Initialized MultithreadedTaskDispatcher with 8 workers.
[PhysX] Initialized MultithreadedTaskDispatcher with 8 workers.
 -> (artifact id: '24009d136dc6ec270513e340fd8bd74f') in 0.014979 seconds
Number of updated asset objects reloaded before import = 0
Number of asset objects unloaded after import = 2
========================================================================
Received Import Request.
  Time since last request: 7.418613 seconds.
  path: Assets/Sprites/CrystalSlime/idle_crystal/CrystalSlime_02.png
  artifactKey: Guid(69e7b416519558d429f59c800df026b5) Importer(815301076,1909f56bfc062723c751e8b465ee728b)
Start importing Assets/Sprites/CrystalSlime/idle_crystal/CrystalSlime_02.png using Guid(69e7b416519558d429f59c800df026b5) Importer(815301076,1909f56bfc062723c751e8b465ee728b) [PhysX] Initialized MultithreadedTaskDispatcher with 8 workers.
[PhysX] Initialized MultithreadedTaskDispatcher with 8 workers.
 -> (artifact id: '83143d5236800cc29ea7d434a0512829') in 0.022408 seconds
Number of updated asset objects reloaded before import = 0
Number of asset objects unloaded after import = 3
========================================================================
Received Import Request.
  Time since last request: 11.083890 seconds.
  path: Assets/Sprites/CyberSlime/CyberSlime.png
  artifactKey: Guid(f0c7b5dd1ee68c04597c39b775e7f214) Importer(815301076,1909f56bfc062723c751e8b465ee728b)
Start importing Assets/Sprites/CyberSlime/CyberSlime.png using Guid(f0c7b5dd1ee68c04597c39b775e7f214) Importer(815301076,1909f56bfc062723c751e8b465ee728b) [PhysX] Initialized MultithreadedTaskDispatcher with 8 workers.
[PhysX] Initialized MultithreadedTaskDispatcher with 8 workers.
 -> (artifact id: 'cfa50a6d82cb9bec48635e2a6acb3eaa') in 0.016176 seconds
Number of updated asset objects reloaded before import = 0
Number of asset objects unloaded after import = 2
========================================================================
Received Import Request.
  Time since last request: 3.293371 seconds.
  path: Assets/Sprites/CyberSlime/CyberSlime.png
  artifactKey: Guid(f0c7b5dd1ee68c04597c39b775e7f214) Importer(815301076,1909f56bfc062723c751e8b465ee728b)
Start importing Assets/Sprites/CyberSlime/CyberSlime.png using Guid(f0c7b5dd1ee68c04597c39b775e7f214) Importer(815301076,1909f56bfc062723c751e8b465ee728b) [PhysX] Initialized MultithreadedTaskDispatcher with 8 workers.
[PhysX] Initialized MultithreadedTaskDispatcher with 8 workers.
 -> (artifact id: '137715aff7dbb7fe7fc2a69647108d44') in 0.022423 seconds
Number of updated asset objects reloaded before import = 0
Number of asset objects unloaded after import = 3
========================================================================
Received Import Request.
  Time since last request: 2.124334 seconds.
  path: Assets/Sprites/CyberSlime/idle_cyber/CyberSlime_00.png
  artifactKey: Guid(0e29a433026ecd0488b92c4089e43008) Importer(815301076,1909f56bfc062723c751e8b465ee728b)
Start importing Assets/Sprites/CyberSlime/idle_cyber/CyberSlime_00.png using Guid(0e29a433026ecd0488b92c4089e43008) Importer(815301076,1909f56bfc062723c751e8b465ee728b) [PhysX] Initialized MultithreadedTaskDispatcher with 8 workers.
[PhysX] Initialized MultithreadedTaskDispatcher with 8 workers.
 -> (artifact id: '1b7bed8afdd7c6f0a2a407da17b28ed5') in 0.013048 seconds
Number of updated asset objects reloaded before import = 0
Number of asset objects unloaded after import = 2
========================================================================
Received Import Request.
  Time since last request: 0.810806 seconds.
  path: Assets/Sprites/CyberSlime/idle_cyber/CyberSlime_02.png
  artifactKey: Guid(beef26c61385b6c4a840c37d75e3116e) Importer(815301076,1909f56bfc062723c751e8b465ee728b)
Start importing Assets/Sprites/CyberSlime/idle_cyber/CyberSlime_02.png using Guid(beef26c61385b6c4a840c37d75e3116e) Importer(815301076,1909f56bfc062723c751e8b465ee728b) [PhysX] Initialized MultithreadedTaskDispatcher with 8 workers.
[PhysX] Initialized MultithreadedTaskDispatcher with 8 workers.
 -> (artifact id: '15deadc4fa0467482fa02e75f4fb9feb') in 0.013336 seconds
Number of updated asset objects reloaded before import = 0
Number of asset objects unloaded after import = 2
========================================================================
Received Import Request.
  Time since last request: 4.216742 seconds.
  path: Assets/Sprites/CyberSlime/idle_cyber/CyberSlime_02.png
  artifactKey: Guid(beef26c61385b6c4a840c37d75e3116e) Importer(815301076,1909f56bfc062723c751e8b465ee728b)
Start importing Assets/Sprites/CyberSlime/idle_cyber/CyberSlime_02.png using Guid(beef26c61385b6c4a840c37d75e3116e) Importer(815301076,1909f56bfc062723c751e8b465ee728b) [PhysX] Initialized MultithreadedTaskDispatcher with 8 workers.
[PhysX] Initialized MultithreadedTaskDispatcher with 8 workers.
 -> (artifact id: '20e50c63020d4227d4e05fb68a814061') in 0.023271 seconds
Number of updated asset objects reloaded before import = 0
Number of asset objects unloaded after import = 3
========================================================================
Received Import Request.
  Time since last request: 2.939665 seconds.
  path: Assets/Sprites/FrostSlime/idle_frost
  artifactKey: Guid(cdd5d8de140d8c44f9673bfe213efdd9) Importer(815301076,1909f56bfc062723c751e8b465ee728b)
Start importing Assets/Sprites/FrostSlime/idle_frost using Guid(cdd5d8de140d8c44f9673bfe213efdd9) Importer(815301076,1909f56bfc062723c751e8b465ee728b) [PhysX] Initialized MultithreadedTaskDispatcher with 8 workers.
 -> (artifact id: '00b103d30f485c9d1475404bba591a59') in 0.000770 seconds
Number of updated asset objects reloaded before import = 0
Number of asset objects unloaded after import = 0
========================================================================
Received Import Request.
  Time since last request: 0.516224 seconds.
  path: Assets/Sprites/FrostSlime/FrostSlime.png
  artifactKey: Guid(529a343cfd5e188418322aa88bfbdc41) Importer(815301076,1909f56bfc062723c751e8b465ee728b)
Start importing Assets/Sprites/FrostSlime/FrostSlime.png using Guid(529a343cfd5e188418322aa88bfbdc41) Importer(815301076,1909f56bfc062723c751e8b465ee728b) [PhysX] Initialized MultithreadedTaskDispatcher with 8 workers.
[PhysX] Initialized MultithreadedTaskDispatcher with 8 workers.
 -> (artifact id: '2de9a7610254545a01f1b67d84c20ba4') in 0.010182 seconds
Number of updated asset objects reloaded before import = 0
Number of asset objects unloaded after import = 2
========================================================================
Received Import Request.
  Time since last request: 3.485924 seconds.
  path: Assets/Sprites/FrostSlime/FrostSlime.png
  artifactKey: Guid(529a343cfd5e188418322aa88bfbdc41) Importer(815301076,1909f56bfc062723c751e8b465ee728b)
Start importing Assets/Sprites/FrostSlime/FrostSlime.png using Guid(529a343cfd5e188418322aa88bfbdc41) Importer(815301076,1909f56bfc062723c751e8b465ee728b) [PhysX] Initialized MultithreadedTaskDispatcher with 8 workers.
[PhysX] Initialized MultithreadedTaskDispatcher with 8 workers.
 -> (artifact id: '6314d711d66ffd4381de88fd5cf8ddcc') in 0.037913 seconds
Number of updated asset objects reloaded before import = 0
Number of asset objects unloaded after import = 3
========================================================================
Received Import Request.
  Time since last request: 1.913815 seconds.
  path: Assets/Sprites/FrostSlime/idle_frost/FrostSlime_00.png
  artifactKey: Guid(993c823cc73f9be48b036237b017ce4e) Importer(815301076,1909f56bfc062723c751e8b465ee728b)
Start importing Assets/Sprites/FrostSlime/idle_frost/FrostSlime_00.png using Guid(993c823cc73f9be48b036237b017ce4e) Importer(815301076,1909f56bfc062723c751e8b465ee728b) [PhysX] Initialized MultithreadedTaskDispatcher with 8 workers.
[PhysX] Initialized MultithreadedTaskDispatcher with 8 workers.
 -> (artifact id: '9999f043c6e762fced2b445a65e7c050') in 0.019575 seconds
Number of updated asset objects reloaded before import = 0
Number of asset objects unloaded after import = 2
========================================================================
Received Import Request.
  Time since last request: 7.023005 seconds.
  path: Assets/Sprites/FrostSlime/idle_frost/FrostSlime_00.png
  artifactKey: Guid(993c823cc73f9be48b036237b017ce4e) Importer(815301076,1909f56bfc062723c751e8b465ee728b)
Start importing Assets/Sprites/FrostSlime/idle_frost/FrostSlime_00.png using Guid(993c823cc73f9be48b036237b017ce4e) Importer(815301076,1909f56bfc062723c751e8b465ee728b) [PhysX] Initialized MultithreadedTaskDispatcher with 8 workers.
[PhysX] Initialized MultithreadedTaskDispatcher with 8 workers.
 -> (artifact id: 'c70c0c5a78ff07084f4364673dd15d69') in 0.021383 seconds
Number of updated asset objects reloaded before import = 0
Number of asset objects unloaded after import = 3
========================================================================
Received Import Request.
  Time since last request: 10.086415 seconds.
  path: Assets/Sprites/GoldenSlime/GoldenSlime.png
  artifactKey: Guid(5dd47a2bd2a9d054ebb74ece2a179405) Importer(815301076,1909f56bfc062723c751e8b465ee728b)
Start importing Assets/Sprites/GoldenSlime/GoldenSlime.png using Guid(5dd47a2bd2a9d054ebb74ece2a179405) Importer(815301076,1909f56bfc062723c751e8b465ee728b) [PhysX] Initialized MultithreadedTaskDispatcher with 8 workers.
[PhysX] Initialized MultithreadedTaskDispatcher with 8 workers.
 -> (artifact id: '1f91906808edab375f4a0d2c454c34f6') in 0.011376 seconds
Number of updated asset objects reloaded before import = 0
Number of asset objects unloaded after import = 2
========================================================================
Received Import Request.
  Time since last request: 3.527860 seconds.
  path: Assets/Sprites/GoldenSlime/GoldenSlime.png
  artifactKey: Guid(5dd47a2bd2a9d054ebb74ece2a179405) Importer(815301076,1909f56bfc062723c751e8b465ee728b)
Start importing Assets/Sprites/GoldenSlime/GoldenSlime.png using Guid(5dd47a2bd2a9d054ebb74ece2a179405) Importer(815301076,1909f56bfc062723c751e8b465ee728b) [PhysX] Initialized MultithreadedTaskDispatcher with 8 workers.
[PhysX] Initialized MultithreadedTaskDispatcher with 8 workers.
 -> (artifact id: 'c2cf0c13a9c8c75b514266af40e39ec6') in 0.059955 seconds
Number of updated asset objects reloaded before import = 0
Number of asset objects unloaded after import = 3
========================================================================
Received Import Request.
  Time since last request: 1.353527 seconds.
  path: Assets/Sprites/GoldenSlime/idle_golden/GoldenSlime_00.png
  artifactKey: Guid(f014f588ae3942c49bcfc7b415e3c6c7) Importer(815301076,1909f56bfc062723c751e8b465ee728b)
Start importing Assets/Sprites/GoldenSlime/idle_golden/GoldenSlime_00.png using Guid(f014f588ae3942c49bcfc7b415e3c6c7) Importer(815301076,1909f56bfc062723c751e8b465ee728b) [PhysX] Initialized MultithreadedTaskDispatcher with 8 workers.
[PhysX] Initialized MultithreadedTaskDispatcher with 8 workers.
 -> (artifact id: '05082493a85d9c6954d5e18587f39698') in 0.017408 seconds
Number of updated asset objects reloaded before import = 0
Number of asset objects unloaded after import = 2
========================================================================
Received Import Request.
  Time since last request: 5.154507 seconds.
  path: Assets/Sprites/GoldenSlime/idle_golden/GoldenSlime_00.png
  artifactKey: Guid(f014f588ae3942c49bcfc7b415e3c6c7) Importer(815301076,1909f56bfc062723c751e8b465ee728b)
Start importing Assets/Sprites/GoldenSlime/idle_golden/GoldenSlime_00.png using Guid(f014f588ae3942c49bcfc7b415e3c6c7) Importer(815301076,1909f56bfc062723c751e8b465ee728b) [PhysX] Initialized MultithreadedTaskDispatcher with 8 workers.
[PhysX] Initialized MultithreadedTaskDispatcher with 8 workers.
 -> (artifact id: '03afc0b96ee822429b620da5d1abca0d') in 0.022761 seconds
Number of updated asset objects reloaded before import = 0
Number of asset objects unloaded after import = 3
========================================================================
Received Import Request.
  Time since last request: 4.031256 seconds.
  path: Assets/Sprites/MagmaSlime/MagmaSlime.png
  artifactKey: Guid(bf50931232462c6478ef493ae4de4afd) Importer(815301076,1909f56bfc062723c751e8b465ee728b)
Start importing Assets/Sprites/MagmaSlime/MagmaSlime.png using Guid(bf50931232462c6478ef493ae4de4afd) Importer(815301076,1909f56bfc062723c751e8b465ee728b) [PhysX] Initialized MultithreadedTaskDispatcher with 8 workers.
[PhysX] Initialized MultithreadedTaskDispatcher with 8 workers.
 -> (artifact id: 'fcebb2825c19b9beb20b8c620a8f4f69') in 0.016029 seconds
Number of updated asset objects reloaded before import = 0
Number of asset objects unloaded after import = 2
========================================================================
Received Import Request.
  Time since last request: 2.738160 seconds.
  path: Assets/Sprites/MagmaSlime/MagmaSlime.png
  artifactKey: Guid(bf50931232462c6478ef493ae4de4afd) Importer(815301076,1909f56bfc062723c751e8b465ee728b)
Start importing Assets/Sprites/MagmaSlime/MagmaSlime.png using Guid(bf50931232462c6478ef493ae4de4afd) Importer(815301076,1909f56bfc062723c751e8b465ee728b) [PhysX] Initialized MultithreadedTaskDispatcher with 8 workers.
[PhysX] Initialized MultithreadedTaskDispatcher with 8 workers.
 -> (artifact id: 'fd420b735647a6dc23a13c5f307acda1') in 0.033250 seconds
Number of updated asset objects reloaded before import = 0
Number of asset objects unloaded after import = 3
========================================================================
Received Import Request.
  Time since last request: 1.535271 seconds.
  path: Assets/Sprites/MagmaSlime/idle_magma/MagmaSlime_00.png
  artifactKey: Guid(1ab692433c6af9a4abb23edc8a3e19cd) Importer(815301076,1909f56bfc062723c751e8b465ee728b)
Start importing Assets/Sprites/MagmaSlime/idle_magma/MagmaSlime_00.png using Guid(1ab692433c6af9a4abb23edc8a3e19cd) Importer(815301076,1909f56bfc062723c751e8b465ee728b) [PhysX] Initialized MultithreadedTaskDispatcher with 8 workers.
[PhysX] Initialized MultithreadedTaskDispatcher with 8 workers.
 -> (artifact id: '4536f7f40307970b5fd403746c0b1662') in 0.011596 seconds
Number of updated asset objects reloaded before import = 0
Number of asset objects unloaded after import = 2
========================================================================
Received Import Request.
  Time since last request: 0.749517 seconds.
  path: Assets/Sprites/MagmaSlime/idle_magma/MagmaSlime_03.png
  artifactKey: Guid(b7aa3e55bea2e98448d1bf0213a9e960) Importer(815301076,1909f56bfc062723c751e8b465ee728b)
Start importing Assets/Sprites/MagmaSlime/idle_magma/MagmaSlime_03.png using Guid(b7aa3e55bea2e98448d1bf0213a9e960) Importer(815301076,1909f56bfc062723c751e8b465ee728b) [PhysX] Initialized MultithreadedTaskDispatcher with 8 workers.
[PhysX] Initialized MultithreadedTaskDispatcher with 8 workers.
 -> (artifact id: '4bd71cb13a52f27d519b3cff6cde10e1') in 0.011236 seconds
Number of updated asset objects reloaded before import = 0
Number of asset objects unloaded after import = 2
========================================================================
Received Import Request.
  Time since last request: 3.266824 seconds.
  path: Assets/Sprites/MagmaSlime/idle_magma/MagmaSlime_03.png
  artifactKey: Guid(b7aa3e55bea2e98448d1bf0213a9e960) Importer(815301076,1909f56bfc062723c751e8b465ee728b)
Start importing Assets/Sprites/MagmaSlime/idle_magma/MagmaSlime_03.png using Guid(b7aa3e55bea2e98448d1bf0213a9e960) Importer(815301076,1909f56bfc062723c751e8b465ee728b) [PhysX] Initialized MultithreadedTaskDispatcher with 8 workers.
[PhysX] Initialized MultithreadedTaskDispatcher with 8 workers.
 -> (artifact id: '6da2b44ac11f8ec3619c956968e2c1ff') in 0.037630 seconds
Number of updated asset objects reloaded before import = 0
Number of asset objects unloaded after import = 3
========================================================================
Received Import Request.
  Time since last request: 3.290241 seconds.
  path: Assets/Sprites/ShadowSlime/ShadowSlime.png
  artifactKey: Guid(0cb7d5a4469c1c541b083900a8136f9d) Importer(815301076,1909f56bfc062723c751e8b465ee728b)
Start importing Assets/Sprites/ShadowSlime/ShadowSlime.png using Guid(0cb7d5a4469c1c541b083900a8136f9d) Importer(815301076,1909f56bfc062723c751e8b465ee728b) [PhysX] Initialized MultithreadedTaskDispatcher with 8 workers.
[PhysX] Initialized MultithreadedTaskDispatcher with 8 workers.
 -> (artifact id: 'cb873528cef1ddfde40c818254bbed41') in 0.034201 seconds
Number of updated asset objects reloaded before import = 0
Number of asset objects unloaded after import = 2
========================================================================
Received Import Request.
  Time since last request: 3.078451 seconds.
  path: Assets/Sprites/ShadowSlime/ShadowSlime.png
  artifactKey: Guid(0cb7d5a4469c1c541b083900a8136f9d) Importer(815301076,1909f56bfc062723c751e8b465ee728b)
Start importing Assets/Sprites/ShadowSlime/ShadowSlime.png using Guid(0cb7d5a4469c1c541b083900a8136f9d) Importer(815301076,1909f56bfc062723c751e8b465ee728b) [PhysX] Initialized MultithreadedTaskDispatcher with 8 workers.
[PhysX] Initialized MultithreadedTaskDispatcher with 8 workers.
 -> (artifact id: 'f92cd4f07710e74314b2913f41381454') in 0.028316 seconds
Number of updated asset objects reloaded before import = 0
Number of asset objects unloaded after import = 3
========================================================================
Received Import Request.
  Time since last request: 2.724811 seconds.
  path: Assets/Sprites/ShadowSlime/idle_shadow/ShadowSlime_00.png
  artifactKey: Guid(cd39d9d73a8c10140933eb69a228ffa7) Importer(815301076,1909f56bfc062723c751e8b465ee728b)
Start importing Assets/Sprites/ShadowSlime/idle_shadow/ShadowSlime_00.png using Guid(cd39d9d73a8c10140933eb69a228ffa7) Importer(815301076,1909f56bfc062723c751e8b465ee728b) [PhysX] Initialized MultithreadedTaskDispatcher with 8 workers.
[PhysX] Initialized MultithreadedTaskDispatcher with 8 workers.
 -> (artifact id: 'a067797b4d5ed28d05577fd3dc26239a') in 0.014861 seconds
Number of updated asset objects reloaded before import = 0
Number of asset objects unloaded after import = 2
========================================================================
Received Import Request.
  Time since last request: 1.535150 seconds.
  path: Assets/Sprites/ShadowSlime/idle_shadow/ShadowSlime_03.png
  artifactKey: Guid(975d4ea10d1261a49acfa42defeee5f0) Importer(815301076,1909f56bfc062723c751e8b465ee728b)
Start importing Assets/Sprites/ShadowSlime/idle_shadow/ShadowSlime_03.png using Guid(975d4ea10d1261a49acfa42defeee5f0) Importer(815301076,1909f56bfc062723c751e8b465ee728b) [PhysX] Initialized MultithreadedTaskDispatcher with 8 workers.
[PhysX] Initialized MultithreadedTaskDispatcher with 8 workers.
 -> (artifact id: '6dc28ce76738ef36b68aeef8ae8140d1') in 0.016554 seconds
Number of updated asset objects reloaded before import = 0
Number of asset objects unloaded after import = 2
========================================================================
Received Import Request.
  Time since last request: 4.272809 seconds.
  path: Assets/Sprites/ShadowSlime/idle_shadow/ShadowSlime_03.png
  artifactKey: Guid(975d4ea10d1261a49acfa42defeee5f0) Importer(815301076,1909f56bfc062723c751e8b465ee728b)
Start importing Assets/Sprites/ShadowSlime/idle_shadow/ShadowSlime_03.png using Guid(975d4ea10d1261a49acfa42defeee5f0) Importer(815301076,1909f56bfc062723c751e8b465ee728b) [PhysX] Initialized MultithreadedTaskDispatcher with 8 workers.
[PhysX] Initialized MultithreadedTaskDispatcher with 8 workers.
 -> (artifact id: 'a9b1c81efd756665f757eeaefe0a5a52') in 0.019525 seconds
Number of updated asset objects reloaded before import = 0
Number of asset objects unloaded after import = 3
========================================================================
Received Import Request.
  Time since last request: 11.128467 seconds.
  path: Assets/Sprites/ToxicSlime/ToxicSlime.png
  artifactKey: Guid(23a808234961b6a44b67ee6f97a3a923) Importer(815301076,1909f56bfc062723c751e8b465ee728b)
Start importing Assets/Sprites/ToxicSlime/ToxicSlime.png using Guid(23a808234961b6a44b67ee6f97a3a923) Importer(815301076,1909f56bfc062723c751e8b465ee728b) [PhysX] Initialized MultithreadedTaskDispatcher with 8 workers.
[PhysX] Initialized MultithreadedTaskDispatcher with 8 workers.
 -> (artifact id: 'a6827892656e6711a99cdbbf5df05a1f') in 0.022976 seconds
Number of updated asset objects reloaded before import = 0
Number of asset objects unloaded after import = 2
========================================================================
Received Import Request.
  Time since last request: 25.717251 seconds.
  path: Assets/Sprites/ToxicSlime/ToxicSlime.png
  artifactKey: Guid(23a808234961b6a44b67ee6f97a3a923) Importer(815301076,1909f56bfc062723c751e8b465ee728b)
Start importing Assets/Sprites/ToxicSlime/ToxicSlime.png using Guid(23a808234961b6a44b67ee6f97a3a923) Importer(815301076,1909f56bfc062723c751e8b465ee728b) [PhysX] Initialized MultithreadedTaskDispatcher with 8 workers.
[PhysX] Initialized MultithreadedTaskDispatcher with 8 workers.
 -> (artifact id: 'b8eafb5085b310bbed3ab69c70b6eba2') in 0.035250 seconds
Number of updated asset objects reloaded before import = 0
Number of asset objects unloaded after import = 3
========================================================================
Received Import Request.
  Time since last request: 2.738459 seconds.
  path: Assets/Sprites/ToxicSlime/idle_toxic/ToxicSlime_00.png
  artifactKey: Guid(246adac65fad78e42a5fd9ea20a57c71) Importer(815301076,1909f56bfc062723c751e8b465ee728b)
Start importing Assets/Sprites/ToxicSlime/idle_toxic/ToxicSlime_00.png using Guid(246adac65fad78e42a5fd9ea20a57c71) Importer(815301076,1909f56bfc062723c751e8b465ee728b) [PhysX] Initialized MultithreadedTaskDispatcher with 8 workers.
[PhysX] Initialized MultithreadedTaskDispatcher with 8 workers.
 -> (artifact id: '62ea51842549efcf63e12d2a8a9d30e3') in 0.020779 seconds
Number of updated asset objects reloaded before import = 0
Number of asset objects unloaded after import = 2
========================================================================
Received Import Request.
  Time since last request: 1.367486 seconds.
  path: Assets/Sprites/ToxicSlime/idle_toxic/ToxicSlime_03.png
  artifactKey: Guid(303096eb1e0c68341a8a069ae15e3349) Importer(815301076,1909f56bfc062723c751e8b465ee728b)
Start importing Assets/Sprites/ToxicSlime/idle_toxic/ToxicSlime_03.png using Guid(303096eb1e0c68341a8a069ae15e3349) Importer(815301076,1909f56bfc062723c751e8b465ee728b) [PhysX] Initialized MultithreadedTaskDispatcher with 8 workers.
[PhysX] Initialized MultithreadedTaskDispatcher with 8 workers.
 -> (artifact id: '17c826268ed0b105069ddb7287c65ef8') in 0.012938 seconds
Number of updated asset objects reloaded before import = 0
Number of asset objects unloaded after import = 2
========================================================================
Received Import Request.
  Time since last request: 3.828944 seconds.
  path: Assets/Sprites/ToxicSlime/idle_toxic/ToxicSlime_03.png
  artifactKey: Guid(303096eb1e0c68341a8a069ae15e3349) Importer(815301076,1909f56bfc062723c751e8b465ee728b)
Start importing Assets/Sprites/ToxicSlime/idle_toxic/ToxicSlime_03.png using Guid(303096eb1e0c68341a8a069ae15e3349) Importer(815301076,1909f56bfc062723c751e8b465ee728b) [PhysX] Initialized MultithreadedTaskDispatcher with 8 workers.
[PhysX] Initialized MultithreadedTaskDispatcher with 8 workers.
 -> (artifact id: '0e928a2348ac48a910a26e7577324bf9') in 0.036589 seconds
Number of updated asset objects reloaded before import = 0
Number of asset objects unloaded after import = 3
========================================================================
Received Import Request.
  Time since last request: 3.251807 seconds.
  path: Assets
  artifactKey: Guid(00000000000000001000000000000000) Importer(815301076,1909f56bfc062723c751e8b465ee728b)
Start importing Assets using Guid(00000000000000001000000000000000) Importer(815301076,1909f56bfc062723c751e8b465ee728b) [PhysX] Initialized MultithreadedTaskDispatcher with 8 workers.
 -> (artifact id: 'ae5280ad91af67e2a353905758f96678') in 0.001347 seconds
Number of updated asset objects reloaded before import = 0
Number of asset objects unloaded after import = 0
========================================================================
Received Import Request.
  Time since last request: 13.051154 seconds.
  path: Assets/Animations
  artifactKey: Guid(0daa4ed27cf281840a4a0b649e630dd4) Importer(815301076,1909f56bfc062723c751e8b465ee728b)
Start importing Assets/Animations using Guid(0daa4ed27cf281840a4a0b649e630dd4) Importer(815301076,1909f56bfc062723c751e8b465ee728b) [PhysX] Initialized MultithreadedTaskDispatcher with 8 workers.
 -> (artifact id: '3a2f7c60f98bf619b0254c8e0174c783') in 0.000943 seconds
Number of updated asset objects reloaded before import = 0
Number of asset objects unloaded after import = 0
========================================================================
Received Import Request.
  Time since last request: 588.380057 seconds.
  path: Assets/Scripts/Monster.cs
  artifactKey: Guid(276e0d1556f76b148aed7ac3ab12a7a4) Importer(815301076,1909f56bfc062723c751e8b465ee728b)
Start importing Assets/Scripts/Monster.cs using Guid(276e0d1556f76b148aed7ac3ab12a7a4) Importer(815301076,1909f56bfc062723c751e8b465ee728b) [PhysX] Initialized MultithreadedTaskDispatcher with 8 workers.
 -> (artifact id: '6fbbdf771cae9c1a433507eb01c91b91') in 0.019642 seconds
Number of updated asset objects reloaded before import = 0
Number of asset objects unloaded after import = 0
========================================================================
Received Prepare
Caller must complete domain reload
Begin MonoManager ReloadAssembly
- Loaded All Assemblies, in  2.351 seconds
Native extension for UWP target not found
Native extension for LinuxStandalone target not found
Native extension for WindowsStandalone target not found
Native extension for AppleTV target not found
Failed to load: C:/Program Files/Unity/Hub/Editor/2022.3.62f3/Editor/Data/PlaybackEngines/VisionOSPlayer\x64\UnityEditor.VisionOS.Native.dll
Native extension for VisionOS target not found
Native extension for iOS target not found
Native extension for Android target not found
Native extension for OSXStandalone target not found
Native extension for WebGL target not found
Mono: successfully reloaded assembly
- Finished resetting the current domain, in  0.661 seconds
Domain Reload Profiling: 3011ms
	BeginReloadAssembly (1677ms)
		ExecutionOrderSort (0ms)
		DisableScriptedObjects (659ms)
		BackupInstance (0ms)
		ReleaseScriptingObjects (3ms)
		CreateAndSetChildDomain (570ms)
	RebuildCommonClasses (38ms)
	RebuildNativeTypeToScriptingClass (16ms)
	initialDomainReloadingComplete (47ms)
	LoadAllAssembliesAndSetupDomain (570ms)
		LoadAssemblies (786ms)
		RebuildTransferFunctionScriptingTraits (0ms)
		AnalyzeDomain (50ms)
			TypeCache.Refresh (36ms)
				TypeCache.ScanAssembly (1ms)
			ScanForSourceGeneratedMonoScriptInfo (5ms)
			ResolveRequiredComponents (8ms)
	FinalizeReload (662ms)
		ReleaseScriptCaches (0ms)
		RebuildScriptCaches (0ms)
		SetupLoadedEditorAssemblies (442ms)
			LogAssemblyErrors (0ms)
			InitializePlatformSupportModulesInManaged (75ms)
			SetLoadedEditorAssemblies (5ms)
			RefreshPlugins (0ms)
			BeforeProcessingInitializeOnLoad (75ms)
			ProcessInitializeOnLoadAttributes (234ms)
			ProcessInitializeOnLoadMethodAttributes (43ms)
			AfterProcessingInitializeOnLoad (10ms)
			EditorAssembliesLoaded (0ms)
		ExecutionOrderSort2 (0ms)
		AwakeInstancesAfterBackupRestoration (24ms)
Refreshing native plugins compatible for Editor in 3.38 ms, found 1 plugins.
Preloading 0 native plugins for Editor in 0.00 ms.
Unloading 1367 Unused Serialized files (Serialized files now loaded: 0)
Unloading 11 unused Assets / (27.0 KB). Loaded Objects now: 1869.
Memory consumption went from 83.5 MB to 83.5 MB.
Total: 5.820200 ms (FindLiveObjects: 0.344500 ms CreateObjectMapping: 0.066900 ms MarkObjects: 5.347500 ms  DeleteObjects: 0.059400 ms)

Prepare: number of updated asset objects reloaded= 0
AssetImportParameters requested are different than current active one (requested -> active):
  custom:video-encoder-webm-vp8: eb34c28f22e8b96e1ab97ce403110664 -> 
  custom:scripting/monoscript/fileName/SlimeData.cs: 04ac3c09a3c91e2883c2ad18e0fdc691 -> 
  custom:video-decoder-webm-vp8: 9c59270c3fd7afecdb556c50c9e8de78 -> 
  custom:audio-decoder-ogg-vorbis: bf7c407c2cedff20999df2af8eb42d56 -> 
  custom:SearchIndexIgnoredProperties: e643bd26f0fe6173181afceb89e7c659 -> 
  custom:container-demuxer-ogg: 62fdf1f143b41e24485cea50d1cbac27 -> 
  custom:AudioImporter_EditorPlatform: d09bf68614088b80899f8185d706f6e7 -> 
  custom:CustomObjectIndexerAttribute: 9a22284fe3817be447336de3de66b15e -> 
  custom:container-demuxer-webm: 4f35f7cbe854078d1ac9338744f61a02 -> 
  custom:video-decoder-ogg-theora: a1e56fd34408186e4bbccfd4996cb3dc -> 
  custom:audio-encoder-webm-vorbis: bf7c407c2cedff20999df2af8eb42d56 -> 
  custom:scripting/monoscript/fileName/Slime.cs: 05272bae05f111c6b0609e32e93d89d5 -> 
  custom:framework-win-MediaFoundation: 216162199b28c13a410421893ffa2e32 -> 
  custom:scripting/precompiled-assembly-types:Assembly-CSharp: 79aed017a22467093b15788f5d4e9109 -> 5cf2bef936c029d66fe660cfa542361a
  custom:container-muxer-webm: aa71ff27fc2769a1b78a27578f13a17b -> 
========================================================================
Received Import Request.
  Time since last request: 725.078471 seconds.
  path: ProjectSettings/TagManager.asset
  artifactKey: Guid(00000000000000003000000000000000) Importer(815301076,1909f56bfc062723c751e8b465ee728b)
Start importing ProjectSettings/TagManager.asset using Guid(00000000000000003000000000000000) Importer(815301076,1909f56bfc062723c751e8b465ee728b) [PhysX] Initialized MultithreadedTaskDispatcher with 8 workers.
 -> (artifact id: 'a2ed4f3eafcc2bc862c440eaeb831565') in 0.479342 seconds
Number of updated asset objects reloaded before import = 0
Number of asset objects unloaded after import = 0
========================================================================
Received Import Request.
  Time since last request: 60.855882 seconds.
  path: Assets/Sprites/ArmoredSlime/idle_armored/ArmoredSlime_00.png
  artifactKey: Guid(bfd14b44deaccea4392e18fff352dbe8) Importer(815301076,1909f56bfc062723c751e8b465ee728b)
Start importing Assets/Sprites/ArmoredSlime/idle_armored/ArmoredSlime_00.png using Guid(bfd14b44deaccea4392e18fff352dbe8) Importer(815301076,1909f56bfc062723c751e8b465ee728b) [PhysX] Initialized MultithreadedTaskDispatcher with 8 workers.
[PhysX] Initialized MultithreadedTaskDispatcher with 8 workers.
 -> (artifact id: 'a2f9fc544dba07622960764c3db10c79') in 0.700997 seconds
Number of updated asset objects reloaded before import = 0
Number of asset objects unloaded after import = 3
========================================================================
Received Import Request.
  Time since last request: 0.000313 seconds.
  path: Assets/Sprites/BasicSlime/idle_basic/BasicSlime_02.png
  artifactKey: Guid(43615cb1d43f7694587ccd3a26500315) Importer(815301076,1909f56bfc062723c751e8b465ee728b)
Start importing Assets/Sprites/BasicSlime/idle_basic/BasicSlime_02.png using Guid(43615cb1d43f7694587ccd3a26500315) Importer(815301076,1909f56bfc062723c751e8b465ee728b) [PhysX] Initialized MultithreadedTaskDispatcher with 8 workers.
[PhysX] Initialized MultithreadedTaskDispatcher with 8 workers.
 -> (artifact id: 'b8e231c06af3a1c317804d860eeebb88') in 0.066118 seconds
Number of updated asset objects reloaded before import = 0
Number of asset objects unloaded after import = 3
========================================================================
Received Import Request.
  Time since last request: 0.000331 seconds.
  path: Assets/Sprites/BasicSlime/idle_basic/BasicSlime_00.png
  artifactKey: Guid(e4353006cc0699143a818ec4c8251a07) Importer(815301076,1909f56bfc062723c751e8b465ee728b)
Start importing Assets/Sprites/BasicSlime/idle_basic/BasicSlime_00.png using Guid(e4353006cc0699143a818ec4c8251a07) Importer(815301076,1909f56bfc062723c751e8b465ee728b) [PhysX] Initialized MultithreadedTaskDispatcher with 8 workers.
[PhysX] Initialized MultithreadedTaskDispatcher with 8 workers.
 -> (artifact id: '451cae3d160343e979d5f34d712cad6c') in 0.024439 seconds
Number of updated asset objects reloaded before import = 0
Number of asset objects unloaded after import = 3
========================================================================
Received Import Request.
  Time since last request: 0.000077 seconds.
  path: Assets/Sprites/BasicSlime/idle_basic/BasicSlime_01.png
  artifactKey: Guid(e82b3db1dc5474146835b808108c12b7) Importer(815301076,1909f56bfc062723c751e8b465ee728b)
Start importing Assets/Sprites/BasicSlime/idle_basic/BasicSlime_01.png using Guid(e82b3db1dc5474146835b808108c12b7) Importer(815301076,1909f56bfc062723c751e8b465ee728b) [PhysX] Initialized MultithreadedTaskDispatcher with 8 workers.
[PhysX] Initialized MultithreadedTaskDispatcher with 8 workers.
 -> (artifact id: '1a2c79fe9b4ac382778ac1ee3df0f14c') in 0.047302 seconds
Number of updated asset objects reloaded before import = 0
Number of asset objects unloaded after import = 3
========================================================================
Received Import Request.
  Time since last request: 0.000033 seconds.
  path: Assets/Sprites/CosmicSlime/idle_cosmic/CosmicSlime_02.png
  artifactKey: Guid(a37ba9967fcf3db46aa427f4b6f92e34) Importer(815301076,1909f56bfc062723c751e8b465ee728b)
Start importing Assets/Sprites/CosmicSlime/idle_cosmic/CosmicSlime_02.png using Guid(a37ba9967fcf3db46aa427f4b6f92e34) Importer(815301076,1909f56bfc062723c751e8b465ee728b) [PhysX] Initialized MultithreadedTaskDispatcher with 8 workers.
[PhysX] Initialized MultithreadedTaskDispatcher with 8 workers.
 -> (artifact id: 'ac3abe0183415cdb6a3f021076a868c6') in 0.032502 seconds
Number of updated asset objects reloaded before import = 0
Number of asset objects unloaded after import = 3
========================================================================
Received Import Request.
  Time since last request: 0.000065 seconds.
  path: Assets/Sprites/CosmicSlime/idle_cosmic/CosmicSlime_01.png
  artifactKey: Guid(14a977ed6b03a4441bc8506c0bcd94c5) Importer(815301076,1909f56bfc062723c751e8b465ee728b)
Start importing Assets/Sprites/CosmicSlime/idle_cosmic/CosmicSlime_01.png using Guid(14a977ed6b03a4441bc8506c0bcd94c5) Importer(815301076,1909f56bfc062723c751e8b465ee728b) [PhysX] Initialized MultithreadedTaskDispatcher with 8 workers.
[PhysX] Initialized MultithreadedTaskDispatcher with 8 workers.
 -> (artifact id: 'c830f6b7c2476a71e335668073b5be0d') in 0.034831 seconds
Number of updated asset objects reloaded before import = 0
Number of asset objects unloaded after import = 3
========================================================================
Received Import Request.
  Time since last request: 0.000082 seconds.
  path: Assets/Sprites/ArmoredSlime/idle_armored/ArmoredSlime_03.png
  artifactKey: Guid(83ae10b846560b142803bc93dd453926) Importer(815301076,1909f56bfc062723c751e8b465ee728b)
Start importing Assets/Sprites/ArmoredSlime/idle_armored/ArmoredSlime_03.png using Guid(83ae10b846560b142803bc93dd453926) Importer(815301076,1909f56bfc062723c751e8b465ee728b) [PhysX] Initialized MultithreadedTaskDispatcher with 8 workers.
[PhysX] Initialized MultithreadedTaskDispatcher with 8 workers.
 -> (artifact id: '3b0fa427da784e537800f347893d2c2e') in 0.034621 seconds
Number of updated asset objects reloaded before import = 0
Number of asset objects unloaded after import = 3
========================================================================
Received Import Request.
  Time since last request: 0.000156 seconds.
  path: Assets/Sprites/CosmicSlime/idle_cosmic/CosmicSlime_00.png
  artifactKey: Guid(e16c6c4eb98e9104fa5c303e8e9052c8) Importer(815301076,1909f56bfc062723c751e8b465ee728b)
Start importing Assets/Sprites/CosmicSlime/idle_cosmic/CosmicSlime_00.png using Guid(e16c6c4eb98e9104fa5c303e8e9052c8) Importer(815301076,1909f56bfc062723c751e8b465ee728b) [PhysX] Initialized MultithreadedTaskDispatcher with 8 workers.
[PhysX] Initialized MultithreadedTaskDispatcher with 8 workers.
 -> (artifact id: '4ebee015a0544fbe3363cfc8d646bef8') in 0.028459 seconds
Number of updated asset objects reloaded before import = 0
Number of asset objects unloaded after import = 3
========================================================================
Received Import Request.
  Time since last request: 2662.168013 seconds.
  path: Assets/Sprites/Sprite Sheet gold.asset
  artifactKey: Guid(6baeb9e0ae9b7ad46b03c5530d62a36e) Importer(815301076,1909f56bfc062723c751e8b465ee728b)
Start importing Assets/Sprites/Sprite Sheet gold.asset using Guid(6baeb9e0ae9b7ad46b03c5530d62a36e) Importer(815301076,1909f56bfc062723c751e8b465ee728b) [PhysX] Initialized MultithreadedTaskDispatcher with 8 workers.
 -> (artifact id: '79cc6de8a9f89b4307438594bbb9e209') in 0.299219 seconds
Number of updated asset objects reloaded before import = 0
Number of asset objects unloaded after import = 2
========================================================================
Received Import Request.
  Time since last request: 7.940783 seconds.
  path: Assets/Sprites/Sprite Sheet gold.png
  artifactKey: Guid(bac8575d4a5d6a74f9066c3462083ec1) Importer(815301076,1909f56bfc062723c751e8b465ee728b)
Start importing Assets/Sprites/Sprite Sheet gold.png using Guid(bac8575d4a5d6a74f9066c3462083ec1) Importer(815301076,1909f56bfc062723c751e8b465ee728b) [PhysX] Initialized MultithreadedTaskDispatcher with 8 workers.
[PhysX] Initialized MultithreadedTaskDispatcher with 8 workers.
 -> (artifact id: 'a2b6268698562f2eeb3ad93e7c618fca') in 0.183165 seconds
Number of updated asset objects reloaded before import = 0
Number of asset objects unloaded after import = 2
========================================================================
Received Import Request.
  Time since last request: 12.552932 seconds.
  path: Assets/Sprites/Sprite Sheet gold.png
  artifactKey: Guid(bac8575d4a5d6a74f9066c3462083ec1) Importer(815301076,1909f56bfc062723c751e8b465ee728b)
Start importing Assets/Sprites/Sprite Sheet gold.png using Guid(bac8575d4a5d6a74f9066c3462083ec1) Importer(815301076,1909f56bfc062723c751e8b465ee728b) [PhysX] Initialized MultithreadedTaskDispatcher with 8 workers.
[PhysX] Initialized MultithreadedTaskDispatcher with 8 workers.
 -> (artifact id: '5af129272f1a6944a29f1900dd4e4a1c') in 0.073739 seconds
Number of updated asset objects reloaded before import = 0
Number of asset objects unloaded after import = 3
